<?xml version="1.0" encoding="UTF-8"?>
<!-- Generated by org.testng.reporters.JUnitReportReporter -->
<testsuite skipped="0" hostname="TRANTOR262" name="tests.LoginTest" tests="2" failures="0" timestamp="24 Apr 2018 12:18:28 GMT" time="62.926" errors="0">
  <testcase name="verifylogin" time="10.663" classname="tests.LoginTest"/>
  <testcase name="verifyMenuSelection" time="52.263" classname="tests.LoginTest"/>
</testsuite> <!-- tests.LoginTest -->
